<?xml version="1.0" encoding="UTF-8"?>
<!-- Generated by org.testng.reporters.JUnitReportReporter -->
<testsuite hostname="DESKTOP-A942O01" failures="0" tests="4" name="tests.TableTest" time="2.738" errors="0" timestamp="2025-04-10T00:39:36 IST" skipped="0">
  <testcase classname="tests.TableTest" name="testMethod" time="0.982"/>
  <testcase classname="tests.TableTest" name="testMethod" time="0.605"/>
  <testcase classname="tests.TableTest" name="testMethod" time="0.592"/>
  <testcase classname="tests.TableTest" name="testMethod" time="0.559"/>
</testsuite> <!-- tests.TableTest -->
