<?xml version="1.0" encoding="UTF-8"?>
<!-- Generated by org.testng.reporters.JUnitReportReporter -->
<testsuite hostname="DESKTOP-A942O01" failures="0" tests="4" name="tests.LoginTest" time="2.665" errors="0" timestamp="2025-04-10T01:09:38 IST" skipped="0">
  <testcase classname="tests.LoginTest" name="testLogin" time="0.559"/>
  <testcase classname="tests.LoginTest" name="testLogin" time="0.596"/>
  <testcase classname="tests.LoginTest" name="testLogin" time="0.527"/>
  <testcase classname="tests.LoginTest" name="testLogin" time="0.983"/>
</testsuite> <!-- tests.LoginTest -->
