<?xml version="1.0" encoding="UTF-8"?>
<!-- Generated by org.testng.reporters.JUnitReportReporter -->
<testsuite hostname="DESKTOP-A942O01" failures="0" tests="4" name="tests.LoginTest" time="2.825" errors="0" timestamp="2025-04-10T20:25:11 IST" skipped="0">
  <testcase classname="tests.LoginTest" name="testLogin" time="0.595"/>
  <testcase classname="tests.LoginTest" name="testLogin" time="1.089"/>
  <testcase classname="tests.LoginTest" name="testLogin" time="0.615"/>
  <testcase classname="tests.LoginTest" name="testLogin" time="0.526"/>
</testsuite> <!-- tests.LoginTest -->
